0 info it worked if it ends with ok
1 verbose cli [ '/opt/local/bin/node', '/opt/local/bin/npm', 'publish' ]
2 info using npm@3.10.9
3 info using node@v6.9.1
4 verbose publish [ '.' ]
5 silly cache add args [ '.', null ]
6 verbose cache add spec .
7 silly cache add parsed spec Result {
7 silly cache add   raw: '.',
7 silly cache add   scope: null,
7 silly cache add   escapedName: null,
7 silly cache add   name: null,
7 silly cache add   rawSpec: '.',
7 silly cache add   spec: '/Users/aristo/Documents/NodeJs/terbilang-spelling',
7 silly cache add   type: 'directory' }
8 verbose addLocalDirectory /Users/aristo/.npm/terbilang-spelling/0.0.6/package.tgz not in flight; packing
9 verbose correctMkdir /Users/aristo/.npm correctMkdir not in flight; initializing
10 info lifecycle terbilang-spelling@0.0.6~prepublish: terbilang-spelling@0.0.6
11 silly lifecycle terbilang-spelling@0.0.6~prepublish: no script for prepublish, continuing
12 verbose tar pack [ '/Users/aristo/.npm/terbilang-spelling/0.0.6/package.tgz',
12 verbose tar pack   '/Users/aristo/Documents/NodeJs/terbilang-spelling' ]
13 verbose tarball /Users/aristo/.npm/terbilang-spelling/0.0.6/package.tgz
14 verbose folder /Users/aristo/Documents/NodeJs/terbilang-spelling
15 verbose addLocalTarball adding from inside cache /Users/aristo/.npm/terbilang-spelling/0.0.6/package.tgz
16 verbose correctMkdir /Users/aristo/.npm correctMkdir not in flight; initializing
17 silly cache afterAdd terbilang-spelling@0.0.6
18 verbose afterAdd /Users/aristo/.npm/terbilang-spelling/0.0.6/package/package.json not in flight; writing
19 verbose correctMkdir /Users/aristo/.npm correctMkdir not in flight; initializing
20 verbose afterAdd /Users/aristo/.npm/terbilang-spelling/0.0.6/package/package.json written
21 silly publish { name: 'terbilang-spelling',
21 silly publish   author: { name: 'Aristo S. Hadisoeganda' },
21 silly publish   version: '0.0.6',
21 silly publish   description: 'Convert numbers to words in Bahasa Indonesia',
21 silly publish   keywords: [ 'terbilang', 'spell', 'spelling', 'bahasa', 'indonesia' ],
21 silly publish   homepage: 'https://github.com/aristosh/terbilang',
21 silly publish   bugs: { url: 'https://github.com/aristosh/terbilang-spelling/issues' },
21 silly publish   license: 'MIT',
21 silly publish   repository:
21 silly publish    { type: 'git',
21 silly publish      url: 'git+https://github.com/aristosh/terbilang-spelling.git' },
21 silly publish   readme: '# terbilang-spelling\nConvert numbers to Indonesian spelling.\nSupports floating point\n\n## How to install\n```shell\n  npm install terbilang-spelling \n```\n\n## How to use\n```js\n  var terbilang = require(\'terbilang-spelling\');\n\n  console.log(terbilang(123));                // seratus dua puluh tiga\n  console.log(terbilang(2312.009170000));     // dua ribu tiga ratus dua belas koma nol nol sembilan satu tujuh\n  console.log(terbilang(123456789987654321)); // seratus dua puluh tiga billiun empat ratus lima puluh enam triliun tujuh ratus delapan puluh sembilan miliar sembilan ratus delapan puluh tujuh juta enam ratus lima puluh empat ribu tiga ratus dua puluh\n```\n\n## Naming Standards\n```\n1.000.000 (6) = 1 Juta.\n1.000.000.000 (9) = 1 Milyar.\n1.000.000.000.000 (12) = 1 Triliun.\n1.000.000.000.000.000 (15) = 1 Kuadriliun.\n1.000.000.000.000.000.000 (18) = 1 Kuantiliun.\n1.000.000.000.000.000.000.000 (21) = 1 Sekstiliun.\n1.000.000.000.000.000.000.000.000 (24) = 1 Septiliun.\n1.000.000.000.000.000.000.000.000.000 (27) = 1 Oktiliun.\n1.000.000.000.000.000.000.000.000.000.000 (30) = 1 Noniliun.\n1.000.000.000.000.000.000.000.000.000.000.000 (33) = 1 Desiliun.\n```\n\n## Limitation\n```\nHandles up to \'desiliun\'\n```\n',
21 silly publish   readmeFilename: 'README.md',
21 silly publish   gitHead: '697b3e949ab7f2474445cd06cd6bd06709fb6b68',
21 silly publish   _id: 'terbilang-spelling@0.0.6',
21 silly publish   scripts: {},
21 silly publish   _shasum: '17def091ce8a61e278f3e677b33949955b4e0bc1',
21 silly publish   _from: '.' }
22 verbose getPublishConfig undefined
23 silly mapToRegistry name terbilang-spelling
24 silly mapToRegistry using default registry
25 silly mapToRegistry registry https://registry.npmjs.org/
26 silly mapToRegistry data Result {
26 silly mapToRegistry   raw: 'terbilang-spelling',
26 silly mapToRegistry   scope: null,
26 silly mapToRegistry   escapedName: 'terbilang-spelling',
26 silly mapToRegistry   name: 'terbilang-spelling',
26 silly mapToRegistry   rawSpec: '',
26 silly mapToRegistry   spec: 'latest',
26 silly mapToRegistry   type: 'tag' }
27 silly mapToRegistry uri https://registry.npmjs.org/terbilang-spelling
28 verbose publish registryBase https://registry.npmjs.org/
29 silly publish uploading /Users/aristo/.npm/terbilang-spelling/0.0.6/package.tgz
30 verbose request uri https://registry.npmjs.org/terbilang-spelling
31 verbose request sending authorization for write operation
32 info attempt registry request try #1 at 1:32:40 PM
33 verbose request using bearer token for auth
34 verbose request id 4a61363463f75c5d
35 http request PUT https://registry.npmjs.org/terbilang-spelling
36 http 403 https://registry.npmjs.org/terbilang-spelling
37 verbose headers { 'content-type': 'application/json',
37 verbose headers   'cache-control': 'max-age=300',
37 verbose headers   'content-length': '95',
37 verbose headers   'accept-ranges': 'bytes',
37 verbose headers   date: 'Thu, 02 Mar 2017 06:32:42 GMT',
37 verbose headers   via: '1.1 varnish',
37 verbose headers   connection: 'keep-alive',
37 verbose headers   'x-served-by': 'cache-sin6925-SIN',
37 verbose headers   'x-cache': 'MISS',
37 verbose headers   'x-cache-hits': '0',
37 verbose headers   'x-timer': 'S1488436361.918942,VS0,VE843',
37 verbose headers   vary: 'Accept-Encoding' }
38 verbose request invalidating /Users/aristo/.npm/registry.npmjs.org/terbilang-spelling on PUT
39 error publish Failed PUT 403
40 verbose stack Error: "You cannot publish over the previously published version 0.0.6." : terbilang-spelling
40 verbose stack     at makeError (/opt/local/lib/node_modules/npm/node_modules/npm-registry-client/lib/request.js:302:12)
40 verbose stack     at CachingRegistryClient.<anonymous> (/opt/local/lib/node_modules/npm/node_modules/npm-registry-client/lib/request.js:290:14)
40 verbose stack     at Request._callback (/opt/local/lib/node_modules/npm/node_modules/npm-registry-client/lib/request.js:210:14)
40 verbose stack     at Request.self.callback (/opt/local/lib/node_modules/npm/node_modules/request/request.js:187:22)
40 verbose stack     at emitTwo (events.js:106:13)
40 verbose stack     at Request.emit (events.js:191:7)
40 verbose stack     at Request.<anonymous> (/opt/local/lib/node_modules/npm/node_modules/request/request.js:1048:10)
40 verbose stack     at emitOne (events.js:96:13)
40 verbose stack     at Request.emit (events.js:188:7)
40 verbose stack     at IncomingMessage.<anonymous> (/opt/local/lib/node_modules/npm/node_modules/request/request.js:969:12)
41 verbose statusCode 403
42 verbose pkgid terbilang-spelling
43 verbose cwd /Users/aristo/Documents/NodeJs/terbilang-spelling
44 error Darwin 16.4.0
45 error argv "/opt/local/bin/node" "/opt/local/bin/npm" "publish"
46 error node v6.9.1
47 error npm  v3.10.9
48 error code E403
49 error "You cannot publish over the previously published version 0.0.6." : terbilang-spelling
50 error If you need help, you may report this error at:
50 error     <https://github.com/npm/npm/issues>
51 verbose exit [ 1, true ]
